INFO:     Will watch for changes in these directories: ['/home/swynn/Code/LifeStrands/services/monitor-service']
INFO:     Uvicorn running on http://0.0.0.0:8005 (Press CTRL+C to quit)
INFO:     Started reloader process [21059] using StatReload
Process SpawnProcess-1:
Traceback (most recent call last):
  File "/usr/lib/python3.12/multiprocessing/process.py", line 314, in _bootstrap
    self.run()
  File "/usr/lib/python3.12/multiprocessing/process.py", line 108, in run
    self._target(*self._args, **self._kwargs)
  File "/home/swynn/Code/LifeStrands/venv/lib/python3.12/site-packages/uvicorn/_subprocess.py", line 76, in subprocess_started
    target(sockets=sockets)
  File "/home/swynn/Code/LifeStrands/venv/lib/python3.12/site-packages/uvicorn/server.py", line 61, in run
    return asyncio.run(self.serve(sockets=sockets))
           ^^^^^^^^^^^^^^^^^^^^^^^^^^^^^^^^^^^^^^^^
  File "/usr/lib/python3.12/asyncio/runners.py", line 194, in run
    return runner.run(main)
           ^^^^^^^^^^^^^^^^
  File "/usr/lib/python3.12/asyncio/runners.py", line 118, in run
    return self._loop.run_until_complete(task)
           ^^^^^^^^^^^^^^^^^^^^^^^^^^^^^^^^^^^
  File "/usr/lib/python3.12/asyncio/base_events.py", line 687, in run_until_complete
    return future.result()
           ^^^^^^^^^^^^^^^
  File "/home/swynn/Code/LifeStrands/venv/lib/python3.12/site-packages/uvicorn/server.py", line 68, in serve
    config.load()
  File "/home/swynn/Code/LifeStrands/venv/lib/python3.12/site-packages/uvicorn/config.py", line 467, in load
    self.loaded_app = import_from_string(self.app)
                      ^^^^^^^^^^^^^^^^^^^^^^^^^^^^
  File "/home/swynn/Code/LifeStrands/venv/lib/python3.12/site-packages/uvicorn/importer.py", line 24, in import_from_string
    raise exc from None
  File "/home/swynn/Code/LifeStrands/venv/lib/python3.12/site-packages/uvicorn/importer.py", line 21, in import_from_string
    module = importlib.import_module(module_str)
             ^^^^^^^^^^^^^^^^^^^^^^^^^^^^^^^^^^^
  File "/usr/lib/python3.12/importlib/__init__.py", line 90, in import_module
    return _bootstrap._gcd_import(name[level:], package, level)
           ^^^^^^^^^^^^^^^^^^^^^^^^^^^^^^^^^^^^^^^^^^^^^^^^^^^^
  File "<frozen importlib._bootstrap>", line 1387, in _gcd_import
  File "<frozen importlib._bootstrap>", line 1360, in _find_and_load
  File "<frozen importlib._bootstrap>", line 1331, in _find_and_load_unlocked
  File "<frozen importlib._bootstrap>", line 935, in _load_unlocked
  File "<frozen importlib._bootstrap_external>", line 995, in exec_module
  File "<frozen importlib._bootstrap>", line 488, in _call_with_frames_removed
  File "/home/swynn/Code/LifeStrands/services/monitor-service/main.py", line 10, in <module>
    from src.metrics_collector import MetricsCollector
  File "/home/swynn/Code/LifeStrands/services/monitor-service/src/metrics_collector.py", line 2, in <module>
    import psutil
ModuleNotFoundError: No module named 'psutil'
INFO:     Stopping reloader process [21059]
